<?xml version="1.0" encoding="UTF-8"?>
<!-- Generated by org.testng.reporters.JUnitReportReporter -->
<testsuite skipped="0" hostname="DESKTOP-7OTDMTD" name="com.aamirsuhail.EmployeeSmokeTests" tests="6" failures="0" timestamp="2021-06-06T20:33:16 IST" time="0.009" errors="0">
  <testcase name="employeeSmokeTestSix" time="0.001" classname="com.aamirsuhail.EmployeeSmokeTests"/>
  <system-out/>
  <testcase name="employeeSmokeTestOne" time="0.000" classname="com.aamirsuhail.EmployeeSmokeTests"/>
  <system-out/>
  <testcase name="employeeSmokeTestFive" time="0.007" classname="com.aamirsuhail.EmployeeSmokeTests"/>
  <system-out/>
  <testcase name="employeeSmokeTestTwo" time="0.000" classname="com.aamirsuhail.EmployeeSmokeTests"/>
  <system-out/>
  <testcase name="employeeSmokeTestThree" time="0.000" classname="com.aamirsuhail.EmployeeSmokeTests"/>
  <system-out/>
  <testcase name="employeeSmokeTestFour" time="0.001" classname="com.aamirsuhail.EmployeeSmokeTests"/>
  <system-out/>
</testsuite> <!-- com.aamirsuhail.EmployeeSmokeTests -->
